[1723127746.561][INFO]: Starting ChromeDriver 127.0.6533.99 (f31af5097d90ef5ae5bd7b8700199bc6189ba34d-refs/branch-heads/6533@{#1910}) on port 44773
[1723127746.561][INFO]: Please see https://chromedriver.chromium.org/security-considerations for suggestions on keeping ChromeDriver safe.
[1723127747.319][INFO]: [c9d16652647b3e0f35902f1e405f9596] COMMAND InitSession {
   "capabilities": {
      "firstMatch": [ {
         "browserName": "chrome",
         "goog:chromeOptions": {
            "args": [ "--remote-allow-origins=*" ],
            "binary": "C:\\Program Files\\Google\\Chrome\\Application\\chrome.exe",
            "extensions": [  ]
         },
         "goog:loggingPrefs": {
            "browser": "ALL",
            "driver": "ALL"
         }
      } ]
   }
}
[1723127747.321][INFO]: Populating Preferences file: {
   "alternate_error_pages": {
      "enabled": false
   },
   "autofill": {
      "enabled": false
   },
   "browser": {
      "check_default_browser": false
   },
   "distribution": {
      "import_bookmarks": false,
      "import_history": false,
      "import_search_engine": false,
      "make_chrome_default_for_user": false,
      "skip_first_run_ui": true
   },
   "dns_prefetching": {
      "enabled": false
   },
   "profile": {
      "content_settings": {
         "pattern_pairs": {
            "https://*,*": {
               "media-stream": {
                  "audio": "Default",
                  "video": "Default"
               }
            }
         }
      },
      "default_content_setting_values": {
         "geolocation": 1
      },
      "default_content_settings": {
         "geolocation": 1,
         "mouselock": 1,
         "notifications": 1,
         "popups": 1,
         "ppapi-broker": 1
      },
      "password_manager_enabled": false
   },
   "safebrowsing": {
      "enabled": false
   },
   "search": {
      "suggest_enabled": false
   },
   "translate": {
      "enabled": false
   }
}
[1723127747.322][INFO]: Populating Local State file: {
   "background_mode": {
      "enabled": false
   },
   "ssl": {
      "rev_checking": {
         "enabled": false
      }
   }
}
[1723127747.324][INFO]: ChromeDriver supports communication with Chrome via pipes. This is more reliable and more secure.
[1723127747.324][INFO]: Use the --remote-debugging-pipe Chrome switch instead of the default --remote-debugging-port to enable this communication mode.
[1723127747.325][INFO]: Launching chrome: "C:\Program Files\Google\Chrome\Application\chrome.exe" --allow-pre-commit-input --disable-background-networking --disable-backgrounding-occluded-windows --disable-client-side-phishing-detection --disable-default-apps --disable-hang-monitor --disable-popup-blocking --disable-prompt-on-repost --disable-sync --enable-automation --enable-logging --log-level=0 --no-first-run --no-service-autorun --password-store=basic --remote-allow-origins=* --remote-debugging-port=0 --test-type=webdriver --use-mock-keychain --user-data-dir="C:\Users\NAVEEN~1\AppData\Local\Temp\scoped_dir8744_1309081748" data:,
[1723127748.226][INFO]: resolved localhost to ["::1","127.0.0.1"]
[1723127748.422][INFO]: [c9d16652647b3e0f35902f1e405f9596] RESPONSE InitSession {
   "capabilities": {
      "acceptInsecureCerts": false,
      "browserName": "chrome",
      "browserVersion": "127.0.6533.89",
      "chrome": {
         "chromedriverVersion": "127.0.6533.99 (f31af5097d90ef5ae5bd7b8700199bc6189ba34d-refs/branch-heads/6533@{#1910})",
         "userDataDir": "C:\\Users\\NAVEEN~1\\AppData\\Local\\Temp\\scoped_dir8744_1309081748"
      },
      "fedcm:accounts": true,
      "goog:chromeOptions": {
         "debuggerAddress": "localhost:52743"
      },
      "networkConnectionEnabled": false,
      "pageLoadStrategy": "normal",
      "platformName": "windows",
      "proxy": {
      },
      "setWindowRect": true,
      "strictFileInteractability": false,
      "timeouts": {
         "implicit": 0,
         "pageLoad": 300000,
         "script": 30000
      },
      "unhandledPromptBehavior": "dismiss and notify",
      "webauthn:extension:credBlob": true,
      "webauthn:extension:largeBlob": true,
      "webauthn:extension:minPinLength": true,
      "webauthn:extension:prf": true,
      "webauthn:virtualAuthenticators": true
   },
   "sessionId": "c9d16652647b3e0f35902f1e405f9596"
}
[1723127748.864][INFO]: [c9d16652647b3e0f35902f1e405f9596] COMMAND MaximizeWindow {
}
[1723127748.864][INFO]: Waiting for pending navigations...
[1723127748.865][INFO]: Done waiting for pending navigations. Status: ok
[1723127748.912][INFO]: Waiting for pending navigations...
[1723127748.913][INFO]: Done waiting for pending navigations. Status: ok
[1723127748.913][INFO]: [c9d16652647b3e0f35902f1e405f9596] RESPONSE MaximizeWindow {
   "height": 736,
   "width": 1296,
   "x": -8,
   "y": -8
}
[1723127748.941][INFO]: [c9d16652647b3e0f35902f1e405f9596] COMMAND Navigate {
   "url": "https://www.scrapethissite.com/pages/"
}
[1723127748.941][INFO]: Waiting for pending navigations...
[1723127748.942][INFO]: Done waiting for pending navigations. Status: ok
[1723127749.631][INFO]: Waiting for pending navigations...
[1723127750.593][INFO]: Done waiting for pending navigations. Status: ok
[1723127750.593][INFO]: [c9d16652647b3e0f35902f1e405f9596] RESPONSE Navigate
[1723127752.635][INFO]: [c9d16652647b3e0f35902f1e405f9596] COMMAND FindElement {
   "using": "xpath",
   "value": "//a[text()='Hockey Teams: Forms, Searching and Pagination']"
}
[1723127752.635][INFO]: Waiting for pending navigations...
[1723127752.638][INFO]: Done waiting for pending navigations. Status: ok
[1723127752.688][INFO]: Waiting for pending navigations...
[1723127752.689][INFO]: Done waiting for pending navigations. Status: ok
[1723127752.689][INFO]: [c9d16652647b3e0f35902f1e405f9596] RESPONSE FindElement {
   "element-6066-11e4-a52e-4f735466cecf": "f.FC4A4F7472206D4D0D9C1CA817D0CDDD.d.BFE6DD61BFF7E0AF0E94B35840F5B326.e.27"
}
[1723127752.709][INFO]: [c9d16652647b3e0f35902f1e405f9596] COMMAND ClickElement {
   "id": "f.FC4A4F7472206D4D0D9C1CA817D0CDDD.d.BFE6DD61BFF7E0AF0E94B35840F5B326.e.27"
}
[1723127752.710][INFO]: Waiting for pending navigations...
[1723127752.710][INFO]: Done waiting for pending navigations. Status: ok
[1723127752.820][INFO]: Waiting for pending navigations...
[1723127754.278][INFO]: Done waiting for pending navigations. Status: ok
[1723127754.278][INFO]: [c9d16652647b3e0f35902f1e405f9596] RESPONSE ClickElement
[1723127754.341][INFO]: [c9d16652647b3e0f35902f1e405f9596] COMMAND FindElement {
   "using": "xpath",
   "value": "//table/tbody/tr"
}
[1723127754.341][INFO]: Waiting for pending navigations...
[1723127754.344][INFO]: Done waiting for pending navigations. Status: ok
[1723127754.391][INFO]: Waiting for pending navigations...
[1723127754.394][INFO]: Done waiting for pending navigations. Status: ok
[1723127754.394][INFO]: [c9d16652647b3e0f35902f1e405f9596] RESPONSE FindElement {
   "element-6066-11e4-a52e-4f735466cecf": "f.FC4A4F7472206D4D0D9C1CA817D0CDDD.d.0CEEC44695C6C0E392EB2832F5C70FAC.e.66"
}
[1723127754.430][INFO]: [c9d16652647b3e0f35902f1e405f9596] COMMAND ExecuteScript {
   "args": [ {
      "element-6066-11e4-a52e-4f735466cecf": "f.FC4A4F7472206D4D0D9C1CA817D0CDDD.d.0CEEC44695C6C0E392EB2832F5C70FAC.e.66"
   } ],
   "script": "/* isDisplayed */return (function(){return (function(){var g=this||self;\nfunction aa(a){var b=typeof a;if(\"object\"==b)if(a){if(a instanceof Array)return\"array\";if(a instanceof Object)return b;var c=Object.prototype.toString.call(a);if(\"[object Window]\"==c)return\"object\";if(\"[object Array]\"==c||\"number\"==typeof a.length&&\"undefined\"!=typeof a.splice&&\"undefined\"!=typeof a.propertyIsEnumerable&&!a.propertyIsEnumerable(\"splice\"))return\"array\";if(\"[object Function]\"==c||\"undefined\"!=typeof a.call&&\"undefined\"!=typeof a.propertyIsEnumerable&&!a.propertyIsEnumerable(\"call\"))return\"function\"}else return\"null\";else if(\"function\"==\nb&&\"undefined\"==typeof a.call)return\"object\";return b}function ca(a,b){function c(){}c.prototype=b.prototype;a.prototype=new c;a.prototype.constructor=a};var da=Array.prototype.indexOf?function(a,b){return Array.prototype.indexOf.call(a,b,void 0)}:function(a,b){if(\"string\"===typeof a)return\"string\"!==typeof b||1!=b.length?-1:a.indexOf(b,0);for(var c=0;c\u003Ca.length;c++)if(c in a&&a[c]===b)return c;return-1},ea=Array.prototype.some?function(a,b){return Array.prototype.some.call(a,b,void 0)}:function(a,b){for(var c=a.length,e=\"string\"===typeof a?a.split(\"\"):a,d=0;d\u003Cc;d++)if(d in e&&b.call(void 0,e[d],d,a))return!0;return!1},fa=Array.prototype.every?function(a,\nb){return Array.prototype.every.call(a,b,void 0)}:function(a,b){for(var c=a.length,e=\"string\"===typeof a?a.split(\"\"):a,d=0;d\u003Cc;d++)if(d in e&&!b.call(void 0,e[d],d,a))return!1;return!0};var ha={aliceblue:\"#f0f8ff\",antiquewhite:\"#faebd7\",aqua:\"#00ffff\",aquamarine:\"#7fffd4\",azure:\"#f0ffff\",beige:\"#f5f5dc\",bisque:\"#ffe4c4\",black:\"#000000\",blanchedalmond:\"#ffebcd\",blue:\"#0000ff\",blueviolet:\"#8a2be2\",brown:\"#a52a2a\",burlywood:\"#deb887\",cadetblue:\"#5f9ea0\",chartreuse:\"#7fff00\",chocolate:\"#d2691e\",coral:\"#ff7f50\",cornflowerblue:\"#6495ed\",cornsilk:\"#fff8dc\",crimson:\"#dc143c\",cyan:\"#00ffff\",darkblue:\"#00008b\",darkcyan:\"#008b8b\",darkgoldenrod:\"#b8860b\",darkgray:\"#a9a9a9\",darkgreen:\"#006400\",\ndarkgrey:\"#a9a9a9\",darkkhaki:\"#bdb76b\",darkmagenta:\"#8b008b\",darkolivegreen:\"#556b2f\",darkorange:\"#ff8c00\",darkorchid:\"#9932cc\",darkred:\"#8b0000\",darksalmon:\"#e9967a\",darkseagreen:\"#8fbc8f\",darkslateblue:\"#483d8b\",darkslategray:\"#2f4f4f\",darkslategrey:\"#2f4f4f\",darkturquoise:\"#00ced1\",darkviolet:\"#9400d3\",deeppink:\"#ff1493\",deepskyblue:\"#00bfff\",dimgray:\"#696969\",dimgrey:\"#696969\",dodgerblue:\"#1e90ff\",firebrick:\"#b22222\",floralwhite:\"#fffaf0\",forestgreen:\"#228b22\",fuchsia:\"#ff00ff\",gainsboro:\"#dcdcdc\",\nghostwhite:\"#f8f8ff\",gold:\"#ffd700\",goldenrod:\"#daa520\",gray:\"#808080\",green:\"#008000\",greenyellow:\"#adff2f\",grey:\"#808080\",honeydew:\"#f0fff0\",hotpink:\"#ff69b4\",indianred:\"#cd5c5c\",indigo:\"#4b0082\",ivory:\"#fffff0\",khaki:\"#f0e68c\",lavender:\"#e6e6fa\",lavenderblush:\"#fff0f5\",lawngreen:\"#7cfc00\",lemonchiffon:\"#fffacd\",lightblue:\"#add8e6\",lightcoral:\"#f08080\",lightcyan:\"#e0ffff\",lightgoldenrodyellow:\"#fafad2\",lightgray:\"#d3d3d3\",lightgreen:\"#90ee90\",lightgrey:\"#d3d3d3\",lightpink:\"#ffb6c1\",lightsalmon:\"#ffa07a\",\nlightseagreen:\"#20b2aa\",lightskyblue:\"#87cefa\",lightslategray:\"#778899\",lightslategrey:\"#778899\",lightsteelblue:\"#b0c4de\",lightyellow:\"#ffffe0\",lime:\"#00ff00\",limegreen:\"#32cd32\",linen:\"#faf0e6\",magenta:\"#ff00ff\",maroon:\"#800000\",mediumaquamarine:\"#66cdaa\",mediumblue:\"#0000cd\",mediumorchid:\"#ba55d3\",mediumpurple:\"#9370db\",mediumseagreen:\"#3cb371\",mediumslateblue:\"#7b68ee\",mediumspringgreen:\"#00fa9a\",mediumturquoise:\"#48d1cc\",mediumvioletred:\"#c71585\",midnightblue:\"#191970\",mintcream:\"#f5fffa\",mistyrose:\"#ffe4e1\",\nmoccasin:\"#ffe4b5\",navajowhite:\"#ffdead\",navy:\"#000080\",oldlace:\"#fdf5e6\",olive:\"#808000\",olivedrab:\"#6b8e23\",orange:\"#ffa500\",orangered:\"#ff4500\",orchid:\"#da70d6\",palegoldenrod:\"#eee8aa\",palegreen:\"#98fb98\",paleturquoise:\"#afeeee\",palevioletred:\"#db7093\",papayawhip:\"#ffefd5\",peachpuff:\"#ffdab9\",peru:\"#cd853f\",pink:\"#ffc0cb\",plum:\"#dda0dd\",powderblue:\"#b0e0e6\",purple:\"#800080\",red:\"#ff0000\",rosybrown:\"#bc8f8f\",royalblue:\"#4169e1\",saddlebrown:\"#8b4513\",salmon:\"#fa8072\",sandybrown:\"#f4a460\",seagreen:\"#2e8b57\",\nseashell:\"#fff5ee\",sienna:\"#a0522d\",silver:\"#c0c0c0\",skyblue:\"#87ceeb\",slateblue:\"#6a5acd\",slategray:\"#708090\",slategrey:\"#708090\",snow:\"#fffafa\",springgreen:\"#00ff7f\",steelblue:\"#4682b4\",tan:\"#d2b48c\",teal:\"#008080\",thistle:\"#d8bfd8\",tomato:\"#ff6347\",turquoise:\"#40e0d0\",violet:\"#ee82ee\",wheat:\"#f5deb3\",white:\"#ffffff\",whitesmoke:\"#f5f5f5\",yellow:\"#ffff00\",yellowgreen:\"#9acd32\"};var ia=\"backgroundColor borderTopColor borderRightColor borderBottomColor borderLeftColor color outlineColor\".split(\" \"),ja=/#([0-9a-fA-F])([0-9a-fA-F])([0-9a-fA-F])/,ka=/^#(?:[0-9a-f]{3}){1,2}$/i,la=/^(?:rgba)?\\((\\d{1,3}),\\s?(\\d{1,3}),\\s?(\\d{1,3}),\\s?(0|1|0\\.\\d*)\\)$/i,ma=/^(?:rgb)?\\((0|[1-9]\\d{0,2}),\\s?(0|[1-9]\\d{0,2}),\\s?(0|[1-9]\\d{0,2})\\)$/i;function m(a,b){this.code=a;this.a=p[a]||r;this.message=b||\"\";a=this.a.replace(/((?:^|\\s+)[a-z])/g,function(c){return c.toUpperCase().replace(/^[\\s\\xa0]+/g,\"\")});b=a.length-5;if(0>b||a.indexOf(\"Error\",b)!=b)a+=\"Error\";this.name=a;a=Error(this.message);a.name=this.name;this.stack=a.stack||\"\"}ca(m,Error);var r=\"unknown error\",p={15:\"element not selectable\",11:\"element not visible\"};p[31]=r;p[30]=r;p[24]=\"invalid cookie domain\";p[29]=\"invalid element coordinates\";p[12]=\"invalid element state\";\np[32]=\"invalid selector\";p[51]=\"invalid selector\";p[52]=\"invalid selector\";p[17]=\"javascript error\";p[405]=\"unsupported operation\";p[34]=\"move target out of bounds\";p[27]=\"no such alert\";p[7]=\"no such element\";p[8]=\"no such frame\";p[23]=\"no such window\";p[28]=\"script timeout\";p[33]=\"session not created\";p[10]=\"stale element reference\";p[21]=\"timeout\";p[25]=\"unable to set cookie\";p[26]=\"unexpected alert open\";p[13]=r;p[9]=\"unknown command\";var u=String.prototype.trim?function(a){return a.trim()}:function(a){return/^[\\s\\xa0]*([\\s\\S]*?)[\\s\\xa0]*$/.exec(a)[1]};\nfunction na(a,b){var c=0;a=u(String(a)).split(\".\");b=u(String(b)).split(\".\");for(var e=Math.max(a.length,b.length),d=0;0==c&&d\u003Ce;d++){var f=a[d]||\"\",h=b[d]||\"\";do{f=/(\\d*)(\\D*)(.*)/.exec(f)||[\"\",\"\",\"\",\"\"];h=/(\\d*)(\\D*)(.*)/.exec(h)||[\"\",\"\",\"\",\"\"];if(0==f[0].length&&0==h[0].length)break;c=v(0==f[1].length?0:parseInt(f[1],10),0==h[1].length?0:parseInt(h[1],10))||v(0==f[2].length,0==h[2].length)||v(f[2],h[2]);f=f[3];h=h[3]}while(0==c)}return c}function v(a,b){return a\u003Cb?-1:a>b?1:0};var w;a:{var oa=g.navigator;if(oa){var sa=oa.userAgent;if(sa){w=sa;break a}}w=\"\"}function x(a){return-1!=w.indexOf(a)};function y(){return x(\"Firefox\")||x(\"FxiOS\")}function A(){return(x(\"Chrome\")||x(\"CriOS\"))&&!x(\"Edge\")};function ta(a){return String(a).replace(/\\-([a-z])/g,function(b,c){return c.toUpperCase()})};function B(){return x(\"iPhone\")&&!x(\"iPod\")&&!x(\"iPad\")};function ua(a,b){var c=va;return Object.prototype.hasOwnProperty.call(c,a)?c[a]:c[a]=b(a)};var wa=x(\"Opera\"),C=x(\"Trident\")||x(\"MSIE\"),xa=x(\"Edge\"),ya=x(\"Gecko\")&&!(-1!=w.toLowerCase().indexOf(\"webkit\")&&!x(\"Edge\"))&&!(x(\"Trident\")||x(\"MSIE\"))&&!x(\"Edge\"),za=-1!=w.toLowerCase().indexOf(\"webkit\")&&!x(\"Edge\");function Aa(){var a=g.document;return a?a.documentMode:void 0}var E;\na:{var F=\"\",G=function(){var a=w;if(ya)return/rv:([^\\);]+)(\\)|;)/.exec(a);if(xa)return/Edge\\/([\\d\\.]+)/.exec(a);if(C)return/\\b(?:MSIE|rv)[: ]([^\\);]+)(\\)|;)/.exec(a);if(za)return/WebKit\\/(\\S+)/.exec(a);if(wa)return/(?:Version)[ \\/]?(\\S+)/.exec(a)}();G&&(F=G?G[1]:\"\");if(C){var H=Aa();if(null!=H&&H>parseFloat(F)){E=String(H);break a}}E=F}var va={};function Ba(a){return ua(a,function(){return 0\u003C=na(E,a)})}var I;I=g.document&&C?Aa():void 0;var Ca=y(),Da=B()||x(\"iPod\"),Ea=x(\"iPad\"),Fa=x(\"Android\")&&!(A()||y()||x(\"Opera\")||x(\"Silk\")),Ga=A(),Ha=x(\"Safari\")&&!(A()||x(\"Coast\")||x(\"Opera\")||x(\"Edge\")||x(\"Edg/\")||x(\"OPR\")||y()||x(\"Silk\")||x(\"Android\"))&&!(B()||x(\"iPad\")||x(\"iPod\"));function J(a){return(a=a.exec(w))?a[1]:\"\"}(function(){if(Ca)return J(/Firefox\\/([0-9.]+)/);if(C||xa||wa)return E;if(Ga)return B()||x(\"iPad\")||x(\"iPod\")?J(/CriOS\\/([0-9.]+)/):J(/Chrome\\/([0-9.]+)/);if(Ha&&!(B()||x(\"iPad\")||x(\"iPod\")))return J(/Version\\/([0-9.]+)/);if(Da||Ea){var a=/Version\\/(\\S+).*Mobile\\/(\\S+)/.exec(w);if(a)return a[1]+\".\"+a[2]}else if(Fa)return(a=J(/Android\\s+([0-9.]+)/))?a:J(/Version\\/([0-9.]+)/);return\"\"})();var K;if(K=C)K=!(9\u003C=Number(I));var Ia=K;function L(a,b){this.x=void 0!==a?a:0;this.y=void 0!==b?b:0}L.prototype.ceil=function(){this.x=Math.ceil(this.x);this.y=Math.ceil(this.y);return this};L.prototype.floor=function(){this.x=Math.floor(this.x);this.y=Math.floor(this.y);return this};L.prototype.round=function(){this.x=Math.round(this.x);this.y=Math.round(this.y);return this};function M(a,b){this.width=a;this.height=b}M.prototype.aspectRatio=function(){return this.width/this.height};M.prototype.ceil=function(){this.width=Math.ceil(this.width);this.height=Math.ceil(this.height);return this};M.prototype.floor=function(){this.width=Math.floor(this.width);this.height=Math.floor(this.height);return this};M.prototype.round=function(){this.width=Math.round(this.width);this.height=Math.round(this.height);return this};function N(a){return 9==a.nodeType?a:a.ownerDocument||a.document}function Ja(a,b){a&&(a=a.parentNode);for(var c=0;a;){if(b(a))return a;a=a.parentNode;c++}return null}function Ka(a){this.a=a||g.document||document};function P(a,b){b&&\"string\"!==typeof b&&(b=b.toString());return!!a&&1==a.nodeType&&(!b||a.tagName.toUpperCase()==b)};function Q(a,b,c,e){this.f=a;this.a=b;this.b=c;this.c=e}Q.prototype.ceil=function(){this.f=Math.ceil(this.f);this.a=Math.ceil(this.a);this.b=Math.ceil(this.b);this.c=Math.ceil(this.c);return this};Q.prototype.floor=function(){this.f=Math.floor(this.f);this.a=Math.floor(this.a);this.b=Math.floor(this.b);this.c=Math.floor(this.c);return this};Q.prototype.round=function(){this.f=Math.round(this.f);this.a=Math.round(this.a);this.b=Math.round(this.b);this.c=Math.round(this.c);return this};function R(a,b,c,e){this.a=a;this.b=b;this.width=c;this.height=e}R.prototype.ceil=function(){this.a=Math.ceil(this.a);this.b=Math.ceil(this.b);this.width=Math.ceil(this.width);this.height=Math.ceil(this.height);return this};R.prototype.floor=function(){this.a=Math.floor(this.a);this.b=Math.floor(this.b);this.width=Math.floor(this.width);this.height=Math.floor(this.height);return this};\nR.prototype.round=function(){this.a=Math.round(this.a);this.b=Math.round(this.b);this.width=Math.round(this.width);this.height=Math.round(this.height);return this};var La=\"function\"===typeof ShadowRoot;function S(a){for(a=a.parentNode;a&&1!=a.nodeType&&9!=a.nodeType&&11!=a.nodeType;)a=a.parentNode;return P(a)?a:null}\nfunction T(a,b){b=ta(b);if(\"float\"==b||\"cssFloat\"==b||\"styleFloat\"==b)b=Ia?\"styleFloat\":\"cssFloat\";a:{var c=b;var e=N(a);if(e.defaultView&&e.defaultView.getComputedStyle&&(e=e.defaultView.getComputedStyle(a,null))){c=e[c]||e.getPropertyValue(c)||\"\";break a}c=\"\"}a=c||Ma(a,b);if(null===a)a=null;else if(0\u003C=da(ia,b)){b:{var d=a.match(la);if(d&&(b=Number(d[1]),c=Number(d[2]),e=Number(d[3]),d=Number(d[4]),0\u003C=b&&255>=b&&0\u003C=c&&255>=c&&0\u003C=e&&255>=e&&0\u003C=d&&1>=d)){b=[b,c,e,d];break b}b=null}if(!b)b:{if(e=a.match(ma))if(b=\nNumber(e[1]),c=Number(e[2]),e=Number(e[3]),0\u003C=b&&255>=b&&0\u003C=c&&255>=c&&0\u003C=e&&255>=e){b=[b,c,e,1];break b}b=null}if(!b)b:{b=a.toLowerCase();c=ha[b.toLowerCase()];if(!c&&(c=\"#\"==b.charAt(0)?b:\"#\"+b,4==c.length&&(c=c.replace(ja,\"#$1$1$2$2$3$3\")),!ka.test(c))){b=null;break b}b=[parseInt(c.substr(1,2),16),parseInt(c.substr(3,2),16),parseInt(c.substr(5,2),16),1]}a=b?\"rgba(\"+b.join(\", \")+\")\":a}return a}\nfunction Ma(a,b){var c=a.currentStyle||a.style,e=c[b];void 0===e&&\"function\"==aa(c.getPropertyValue)&&(e=c.getPropertyValue(b));return\"inherit\"!=e?void 0!==e?e:null:(a=S(a))?Ma(a,b):null}\nfunction U(a,b,c){function e(h){var n=V(h);return 0\u003Cn.height&&0\u003Cn.width?!0:P(h,\"PATH\")&&(0\u003Cn.height||0\u003Cn.width)?(h=T(h,\"stroke-width\"),!!h&&0\u003CparseInt(h,10)):\"hidden\"!=T(h,\"overflow\")&&ea(h.childNodes,function(D){return 3==D.nodeType||P(D)&&e(D)})}function d(h){return Na(h)==W&&fa(h.childNodes,function(n){return!P(n)||d(n)||!e(n)})}if(!P(a))throw Error(\"Argument to isShown must be of type Element\");if(P(a,\"BODY\"))return!0;if(P(a,\"OPTION\")||P(a,\"OPTGROUP\"))return a=Ja(a,function(h){return P(h,\"SELECT\")}),\n!!a&&U(a,!0,c);var f=Oa(a);if(f)return!!f.image&&0\u003Cf.rect.width&&0\u003Cf.rect.height&&U(f.image,b,c);if(P(a,\"INPUT\")&&\"hidden\"==a.type.toLowerCase()||P(a,\"NOSCRIPT\"))return!1;f=T(a,\"visibility\");return\"collapse\"!=f&&\"hidden\"!=f&&c(a)&&(b||0!=Pa(a))&&e(a)?!d(a):!1}var W=\"hidden\";\nfunction Na(a){function b(k){function l(ba){if(ba==h)return!0;var pa=T(ba,\"display\");return 0==pa.lastIndexOf(\"inline\",0)||\"contents\"==pa||\"absolute\"==qa&&\"static\"==T(ba,\"position\")?!1:!0}var qa=T(k,\"position\");if(\"fixed\"==qa)return ra=!0,k==h?null:h;for(k=S(k);k&&!l(k);)k=S(k);return k}function c(k){var l=k;if(\"visible\"==D)if(k==h&&n)l=n;else if(k==n)return{x:\"visible\",y:\"visible\"};l={x:T(l,\"overflow-x\"),y:T(l,\"overflow-y\")};k==h&&(l.x=\"visible\"==l.x?\"auto\":l.x,l.y=\"visible\"==l.y?\"auto\":l.y);return l}\nfunction e(k){if(k==h){var l=(new Ka(f)).a;k=l.scrollingElement?l.scrollingElement:za||\"CSS1Compat\"!=l.compatMode?l.body||l.documentElement:l.documentElement;l=l.parentWindow||l.defaultView;k=C&&Ba(\"10\")&&l.pageYOffset!=k.scrollTop?new L(k.scrollLeft,k.scrollTop):new L(l.pageXOffset||k.scrollLeft,l.pageYOffset||k.scrollTop)}else k=new L(k.scrollLeft,k.scrollTop);return k}var d=Qa(a),f=N(a),h=f.documentElement,n=f.body,D=T(h,\"overflow\"),ra;for(a=b(a);a;a=b(a)){var q=c(a);if(\"visible\"!=q.x||\"visible\"!=\nq.y){var t=V(a);if(0==t.width||0==t.height)return W;var z=d.a\u003Ct.a,O=d.b\u003Ct.b;if(z&&\"hidden\"==q.x||O&&\"hidden\"==q.y)return W;if(z&&\"visible\"!=q.x||O&&\"visible\"!=q.y){z=e(a);O=d.b\u003Ct.b-z.y;if(d.a\u003Ct.a-z.x&&\"visible\"!=q.x||O&&\"visible\"!=q.x)return W;d=Na(a);return d==W?W:\"scroll\"}z=d.c>=t.a+t.width;t=d.f>=t.b+t.height;if(z&&\"hidden\"==q.x||t&&\"hidden\"==q.y)return W;if(z&&\"visible\"!=q.x||t&&\"visible\"!=q.y){if(ra&&(q=e(a),d.c>=h.scrollWidth-q.x||d.a>=h.scrollHeight-q.y))return W;d=Na(a);return d==W?W:\"scroll\"}}}return\"none\"}\nfunction V(a){var b=Oa(a);if(b)return b.rect;if(P(a,\"HTML\"))return a=N(a),a=((a?a.parentWindow||a.defaultView:window)||window).document,a=\"CSS1Compat\"==a.compatMode?a.documentElement:a.body,a=new M(a.clientWidth,a.clientHeight),new R(0,0,a.width,a.height);try{var c=a.getBoundingClientRect()}catch(e){return new R(0,0,0,0)}b=new R(c.left,c.top,c.right-c.left,c.bottom-c.top);C&&a.ownerDocument.body&&(a=N(a),b.a-=a.documentElement.clientLeft+a.body.clientLeft,b.b-=a.documentElement.clientTop+a.body.clientTop);\nreturn b}\nfunction Oa(a){var b=P(a,\"MAP\");if(!b&&!P(a,\"AREA\"))return null;var c=b?a:P(a.parentNode,\"MAP\")?a.parentNode:null,e=null,d=null;if(c&&c.name){e='*[usemap=\"#'+c.name+'\"]';c=N(c);var f;if(f=\"function\"!=aa(c.querySelector)&&C&&(C?0\u003C=na(I,8):Ba(8))){f=c.querySelector;var h=typeof f;f=!(\"object\"==h&&null!=f||\"function\"==h)}if(f)throw Error(\"CSS selection is not supported\");if(!e)throw new m(32,\"No selector specified\");e=u(e);try{var n=c.querySelector(e)}catch(D){throw new m(32,\"An invalid or illegal selector was specified\");}if(e=\nn&&1==n.nodeType?n:null)d=V(e),b||\"default\"==a.shape.toLowerCase()||(a=Ra(a),b=Math.min(Math.max(a.a,0),d.width),n=Math.min(Math.max(a.b,0),d.height),d=new R(b+d.a,n+d.b,Math.min(a.width,d.width-b),Math.min(a.height,d.height-n)))}return{image:e,rect:d||new R(0,0,0,0)}}\nfunction Ra(a){var b=a.shape.toLowerCase();a=a.coords.split(\",\");if(\"rect\"==b&&4==a.length){b=a[0];var c=a[1];return new R(b,c,a[2]-b,a[3]-c)}if(\"circle\"==b&&3==a.length)return b=a[2],new R(a[0]-b,a[1]-b,2*b,2*b);if(\"poly\"==b&&2\u003Ca.length){b=a[0];c=a[1];for(var e=b,d=c,f=2;f+1\u003Ca.length;f+=2)b=Math.min(b,a[f]),e=Math.max(e,a[f]),c=Math.min(c,a[f+1]),d=Math.max(d,a[f+1]);return new R(b,c,e-b,d-c)}return new R(0,0,0,0)}function Qa(a){a=V(a);return new Q(a.b,a.a+a.width,a.b+a.height,a.a)}\nfunction Pa(a){if(Ia){if(\"relative\"==T(a,\"position\"))return 1;a=T(a,\"filter\");return(a=a.match(/^alpha\\(opacity=(\\d*)\\)/)||a.match(/^progid:DXImageTransform.Microsoft.Alpha\\(Opacity=(\\d*)\\)/))?Number(a[1])/100:1}return Sa(a)}function Sa(a){var b=1,c=T(a,\"opacity\");c&&(b=Number(c));(a=S(a))&&(b*=Sa(a));return b};function Ta(a,b){function c(e){if(P(e)&&\"none\"==T(e,\"display\"))return!1;var d;if((d=e.parentNode)&&d.shadowRoot&&void 0!==e.assignedSlot)d=e.assignedSlot?e.assignedSlot.parentNode:null;else if(e.getDestinationInsertionPoints){var f=e.getDestinationInsertionPoints();0\u003Cf.length&&(d=f[f.length-1])}if(La&&d instanceof ShadowRoot){if(d.host.shadowRoot&&d.host.shadowRoot!==d)return!1;d=d.host}return!d||9!=d.nodeType&&11!=d.nodeType?d&&P(d,\"DETAILS\")&&!d.open&&!P(e,\"SUMMARY\")?!1:!!d&&c(d):!0}return U(a,\n!!b,c)}var X=[\"_\"],Y=g;X[0]in Y||\"undefined\"==typeof Y.execScript||Y.execScript(\"var \"+X[0]);for(var Z;X.length&&(Z=X.shift());)X.length||void 0===Ta?Y[Z]&&Y[Z]!==Object.prototype[Z]?Y=Y[Z]:Y=Y[Z]={}:Y[Z]=Ta;; return this._.apply(null,arguments);}).apply({navigator:typeof window!='undefined'?window.navigator:null,document:typeof window!='undefined'?window.document:null}, arguments);}\n).apply(null, arguments);"
}
[1723127754.431][INFO]: Waiting for pending navigations...
[1723127754.435][INFO]: Done waiting for pending navigations. Status: ok
[1723127754.477][INFO]: Waiting for pending navigations...
[1723127754.478][INFO]: Done waiting for pending navigations. Status: ok
[1723127754.478][INFO]: [c9d16652647b3e0f35902f1e405f9596] RESPONSE ExecuteScript true
[1723127754.490][INFO]: [c9d16652647b3e0f35902f1e405f9596] COMMAND FindElements {
   "using": "xpath",
   "value": "//table/tbody/tr[2]"
}
[1723127754.490][INFO]: Waiting for pending navigations...
[1723127754.492][INFO]: Done waiting for pending navigations. Status: ok
[1723127754.510][INFO]: Waiting for pending navigations...
[1723127754.511][INFO]: Done waiting for pending navigations. Status: ok
[1723127754.511][INFO]: [c9d16652647b3e0f35902f1e405f9596] RESPONSE FindElements [ {
   "element-6066-11e4-a52e-4f735466cecf": "f.FC4A4F7472206D4D0D9C1CA817D0CDDD.d.0CEEC44695C6C0E392EB2832F5C70FAC.e.67"
} ]
[1723127754.522][INFO]: [c9d16652647b3e0f35902f1e405f9596] COMMAND FindChildElement {
   "id": "f.FC4A4F7472206D4D0D9C1CA817D0CDDD.d.0CEEC44695C6C0E392EB2832F5C70FAC.e.67",
   "using": "xpath",
   "value": "//td[@class='name']"
}
[1723127754.522][INFO]: Waiting for pending navigations...
[1723127754.523][INFO]: Done waiting for pending navigations. Status: ok
[1723127754.540][INFO]: Waiting for pending navigations...
[1723127754.540][INFO]: Done waiting for pending navigations. Status: ok
[1723127754.540][INFO]: [c9d16652647b3e0f35902f1e405f9596] RESPONSE FindChildElement {
   "element-6066-11e4-a52e-4f735466cecf": "f.FC4A4F7472206D4D0D9C1CA817D0CDDD.d.0CEEC44695C6C0E392EB2832F5C70FAC.e.68"
}
[1723127754.546][INFO]: [c9d16652647b3e0f35902f1e405f9596] COMMAND GetElementText {
   "id": "f.FC4A4F7472206D4D0D9C1CA817D0CDDD.d.0CEEC44695C6C0E392EB2832F5C70FAC.e.68"
}
[1723127754.546][INFO]: Waiting for pending navigations...
[1723127754.547][INFO]: Done waiting for pending navigations. Status: ok
[1723127754.565][INFO]: Waiting for pending navigations...
[1723127754.566][INFO]: Done waiting for pending navigations. Status: ok
[1723127754.566][INFO]: [c9d16652647b3e0f35902f1e405f9596] RESPONSE GetElementText "Boston Bruins"
[1723127754.575][INFO]: [c9d16652647b3e0f35902f1e405f9596] COMMAND FindChildElement {
   "id": "f.FC4A4F7472206D4D0D9C1CA817D0CDDD.d.0CEEC44695C6C0E392EB2832F5C70FAC.e.67",
   "using": "xpath",
   "value": "//td[@class='year']"
}
[1723127754.575][INFO]: Waiting for pending navigations...
[1723127754.576][INFO]: Done waiting for pending navigations. Status: ok
[1723127754.591][INFO]: Waiting for pending navigations...
[1723127754.592][INFO]: Done waiting for pending navigations. Status: ok
[1723127754.592][INFO]: [c9d16652647b3e0f35902f1e405f9596] RESPONSE FindChildElement {
   "element-6066-11e4-a52e-4f735466cecf": "f.FC4A4F7472206D4D0D9C1CA817D0CDDD.d.0CEEC44695C6C0E392EB2832F5C70FAC.e.39"
}
[1723127754.597][INFO]: [c9d16652647b3e0f35902f1e405f9596] COMMAND GetElementText {
   "id": "f.FC4A4F7472206D4D0D9C1CA817D0CDDD.d.0CEEC44695C6C0E392EB2832F5C70FAC.e.39"
}
[1723127754.597][INFO]: Waiting for pending navigations...
[1723127754.598][INFO]: Done waiting for pending navigations. Status: ok
[1723127754.608][INFO]: Waiting for pending navigations...
[1723127754.609][INFO]: Done waiting for pending navigations. Status: ok
[1723127754.609][INFO]: [c9d16652647b3e0f35902f1e405f9596] RESPONSE GetElementText "1990"
[1723127754.616][INFO]: [c9d16652647b3e0f35902f1e405f9596] COMMAND FindChildElement {
   "id": "f.FC4A4F7472206D4D0D9C1CA817D0CDDD.d.0CEEC44695C6C0E392EB2832F5C70FAC.e.67",
   "using": "xpath",
   "value": "//td[contains(@class, 'pct text')]"
}
[1723127754.616][INFO]: Waiting for pending navigations...
[1723127754.617][INFO]: Done waiting for pending navigations. Status: ok
[1723127754.632][INFO]: Waiting for pending navigations...
[1723127754.633][INFO]: Done waiting for pending navigations. Status: ok
[1723127754.633][INFO]: [c9d16652647b3e0f35902f1e405f9596] RESPONSE FindChildElement {
   "element-6066-11e4-a52e-4f735466cecf": "f.FC4A4F7472206D4D0D9C1CA817D0CDDD.d.0CEEC44695C6C0E392EB2832F5C70FAC.e.43"
}
[1723127754.641][INFO]: [c9d16652647b3e0f35902f1e405f9596] COMMAND GetElementText {
   "id": "f.FC4A4F7472206D4D0D9C1CA817D0CDDD.d.0CEEC44695C6C0E392EB2832F5C70FAC.e.43"
}
[1723127754.641][INFO]: Waiting for pending navigations...
[1723127754.642][INFO]: Done waiting for pending navigations. Status: ok
[1723127754.654][INFO]: Waiting for pending navigations...
[1723127754.655][INFO]: Done waiting for pending navigations. Status: ok
[1723127754.655][INFO]: [c9d16652647b3e0f35902f1e405f9596] RESPONSE GetElementText "0.55"
[1723127754.670][INFO]: [c9d16652647b3e0f35902f1e405f9596] COMMAND FindElement {
   "using": "xpath",
   "value": "//a[@aria-label ='Next']"
}
[1723127754.670][INFO]: Waiting for pending navigations...
[1723127754.671][INFO]: Done waiting for pending navigations. Status: ok
[1723127754.684][INFO]: Waiting for pending navigations...
[1723127754.685][INFO]: Done waiting for pending navigations. Status: ok
[1723127754.685][INFO]: [c9d16652647b3e0f35902f1e405f9596] RESPONSE FindElement {
   "element-6066-11e4-a52e-4f735466cecf": "f.FC4A4F7472206D4D0D9C1CA817D0CDDD.d.0CEEC44695C6C0E392EB2832F5C70FAC.e.69"
}
[1723127754.703][INFO]: [c9d16652647b3e0f35902f1e405f9596] COMMAND IsElementEnabled {
   "id": "f.FC4A4F7472206D4D0D9C1CA817D0CDDD.d.0CEEC44695C6C0E392EB2832F5C70FAC.e.69"
}
[1723127754.703][INFO]: Waiting for pending navigations...
[1723127754.704][INFO]: Done waiting for pending navigations. Status: ok
[1723127754.714][INFO]: Waiting for pending navigations...
[1723127754.714][INFO]: Done waiting for pending navigations. Status: ok
[1723127754.714][INFO]: [c9d16652647b3e0f35902f1e405f9596] RESPONSE IsElementEnabled true
[1723127754.720][INFO]: [c9d16652647b3e0f35902f1e405f9596] COMMAND ClickElement {
   "id": "f.FC4A4F7472206D4D0D9C1CA817D0CDDD.d.0CEEC44695C6C0E392EB2832F5C70FAC.e.69"
}
[1723127754.720][INFO]: Waiting for pending navigations...
[1723127754.721][INFO]: Done waiting for pending navigations. Status: ok
[1723127754.808][INFO]: Waiting for pending navigations...
[1723127756.242][INFO]: Done waiting for pending navigations. Status: ok
[1723127756.242][INFO]: [c9d16652647b3e0f35902f1e405f9596] RESPONSE ClickElement
[1723127756.802][INFO]: [c9d16652647b3e0f35902f1e405f9596] COMMAND FindElements {
   "using": "xpath",
   "value": "//table/tbody/tr[2]"
}
[1723127756.802][INFO]: Waiting for pending navigations...
[1723127756.803][INFO]: Done waiting for pending navigations. Status: ok
[1723127756.814][INFO]: Waiting for pending navigations...
[1723127756.815][INFO]: Done waiting for pending navigations. Status: ok
[1723127756.815][INFO]: [c9d16652647b3e0f35902f1e405f9596] RESPONSE FindElements [ {
   "element-6066-11e4-a52e-4f735466cecf": "f.FC4A4F7472206D4D0D9C1CA817D0CDDD.d.CFD305C05D3D2459D398CAC91FB06E71.e.103"
} ]
[1723127756.821][INFO]: [c9d16652647b3e0f35902f1e405f9596] COMMAND FindChildElement {
   "id": "f.FC4A4F7472206D4D0D9C1CA817D0CDDD.d.CFD305C05D3D2459D398CAC91FB06E71.e.103",
   "using": "xpath",
   "value": "//td[@class='name']"
}
[1723127756.821][INFO]: Waiting for pending navigations...
[1723127756.823][INFO]: Done waiting for pending navigations. Status: ok
[1723127756.834][INFO]: Waiting for pending navigations...
[1723127756.835][INFO]: Done waiting for pending navigations. Status: ok
[1723127756.835][INFO]: [c9d16652647b3e0f35902f1e405f9596] RESPONSE FindChildElement {
   "element-6066-11e4-a52e-4f735466cecf": "f.FC4A4F7472206D4D0D9C1CA817D0CDDD.d.CFD305C05D3D2459D398CAC91FB06E71.e.104"
}
[1723127756.839][INFO]: [c9d16652647b3e0f35902f1e405f9596] COMMAND GetElementText {
   "id": "f.FC4A4F7472206D4D0D9C1CA817D0CDDD.d.CFD305C05D3D2459D398CAC91FB06E71.e.104"
}
[1723127756.839][INFO]: Waiting for pending navigations...
[1723127756.841][INFO]: Done waiting for pending navigations. Status: ok
[1723127756.850][INFO]: Waiting for pending navigations...
[1723127756.851][INFO]: Done waiting for pending navigations. Status: ok
[1723127756.851][INFO]: [c9d16652647b3e0f35902f1e405f9596] RESPONSE GetElementText "Boston Bruins"
[1723127756.857][INFO]: [c9d16652647b3e0f35902f1e405f9596] COMMAND FindChildElement {
   "id": "f.FC4A4F7472206D4D0D9C1CA817D0CDDD.d.CFD305C05D3D2459D398CAC91FB06E71.e.103",
   "using": "xpath",
   "value": "//td[@class='year']"
}
[1723127756.857][INFO]: Waiting for pending navigations...
[1723127756.858][INFO]: Done waiting for pending navigations. Status: ok
[1723127756.869][INFO]: Waiting for pending navigations...
[1723127756.870][INFO]: Done waiting for pending navigations. Status: ok
[1723127756.870][INFO]: [c9d16652647b3e0f35902f1e405f9596] RESPONSE FindChildElement {
   "element-6066-11e4-a52e-4f735466cecf": "f.FC4A4F7472206D4D0D9C1CA817D0CDDD.d.CFD305C05D3D2459D398CAC91FB06E71.e.80"
}
[1723127756.876][INFO]: [c9d16652647b3e0f35902f1e405f9596] COMMAND GetElementText {
   "id": "f.FC4A4F7472206D4D0D9C1CA817D0CDDD.d.CFD305C05D3D2459D398CAC91FB06E71.e.80"
}
[1723127756.876][INFO]: Waiting for pending navigations...
[1723127756.877][INFO]: Done waiting for pending navigations. Status: ok
[1723127756.887][INFO]: Waiting for pending navigations...
[1723127756.887][INFO]: Done waiting for pending navigations. Status: ok
[1723127756.887][INFO]: [c9d16652647b3e0f35902f1e405f9596] RESPONSE GetElementText "1990"
[1723127756.893][INFO]: [c9d16652647b3e0f35902f1e405f9596] COMMAND FindChildElement {
   "id": "f.FC4A4F7472206D4D0D9C1CA817D0CDDD.d.CFD305C05D3D2459D398CAC91FB06E71.e.103",
   "using": "xpath",
   "value": "//td[contains(@class, 'pct text')]"
}
[1723127756.893][INFO]: Waiting for pending navigations...
[1723127756.894][INFO]: Done waiting for pending navigations. Status: ok
[1723127756.904][INFO]: Waiting for pending navigations...
[1723127756.905][INFO]: Done waiting for pending navigations. Status: ok
[1723127756.905][INFO]: [c9d16652647b3e0f35902f1e405f9596] RESPONSE FindChildElement {
   "element-6066-11e4-a52e-4f735466cecf": "f.FC4A4F7472206D4D0D9C1CA817D0CDDD.d.CFD305C05D3D2459D398CAC91FB06E71.e.84"
}
[1723127756.910][INFO]: [c9d16652647b3e0f35902f1e405f9596] COMMAND GetElementText {
   "id": "f.FC4A4F7472206D4D0D9C1CA817D0CDDD.d.CFD305C05D3D2459D398CAC91FB06E71.e.84"
}
[1723127756.910][INFO]: Waiting for pending navigations...
[1723127756.911][INFO]: Done waiting for pending navigations. Status: ok
[1723127756.921][INFO]: Waiting for pending navigations...
[1723127756.922][INFO]: Done waiting for pending navigations. Status: ok
[1723127756.922][INFO]: [c9d16652647b3e0f35902f1e405f9596] RESPONSE GetElementText "0.55"
[1723127756.927][INFO]: [c9d16652647b3e0f35902f1e405f9596] COMMAND FindElement {
   "using": "xpath",
   "value": "//a[@aria-label ='Next']"
}
[1723127756.928][INFO]: Waiting for pending navigations...
[1723127756.929][INFO]: Done waiting for pending navigations. Status: ok
[1723127756.938][INFO]: Waiting for pending navigations...
[1723127756.939][INFO]: Done waiting for pending navigations. Status: ok
[1723127756.939][INFO]: [c9d16652647b3e0f35902f1e405f9596] RESPONSE FindElement {
   "element-6066-11e4-a52e-4f735466cecf": "f.FC4A4F7472206D4D0D9C1CA817D0CDDD.d.CFD305C05D3D2459D398CAC91FB06E71.e.105"
}
[1723127756.945][INFO]: [c9d16652647b3e0f35902f1e405f9596] COMMAND IsElementEnabled {
   "id": "f.FC4A4F7472206D4D0D9C1CA817D0CDDD.d.CFD305C05D3D2459D398CAC91FB06E71.e.105"
}
[1723127756.945][INFO]: Waiting for pending navigations...
[1723127756.947][INFO]: Done waiting for pending navigations. Status: ok
[1723127756.957][INFO]: Waiting for pending navigations...
[1723127756.957][INFO]: Done waiting for pending navigations. Status: ok
[1723127756.957][INFO]: [c9d16652647b3e0f35902f1e405f9596] RESPONSE IsElementEnabled true
[1723127756.965][INFO]: [c9d16652647b3e0f35902f1e405f9596] COMMAND ClickElement {
   "id": "f.FC4A4F7472206D4D0D9C1CA817D0CDDD.d.CFD305C05D3D2459D398CAC91FB06E71.e.105"
}
[1723127756.965][INFO]: Waiting for pending navigations...
[1723127756.966][INFO]: Done waiting for pending navigations. Status: ok
[1723127757.030][INFO]: Waiting for pending navigations...
[1723127758.395][INFO]: Done waiting for pending navigations. Status: ok
[1723127758.395][INFO]: [c9d16652647b3e0f35902f1e405f9596] RESPONSE ClickElement
[1723127758.412][INFO]: [c9d16652647b3e0f35902f1e405f9596] COMMAND FindElements {
   "using": "xpath",
   "value": "//table/tbody/tr[2]"
}
[1723127758.412][INFO]: Waiting for pending navigations...
[1723127758.417][INFO]: Done waiting for pending navigations. Status: ok
[1723127758.430][INFO]: Waiting for pending navigations...
[1723127758.431][INFO]: Done waiting for pending navigations. Status: ok
[1723127758.431][INFO]: [c9d16652647b3e0f35902f1e405f9596] RESPONSE FindElements [ {
   "element-6066-11e4-a52e-4f735466cecf": "f.FC4A4F7472206D4D0D9C1CA817D0CDDD.d.BAF091466BCB5D125060F6F780A59BC3.e.128"
} ]
[1723127758.437][INFO]: [c9d16652647b3e0f35902f1e405f9596] COMMAND FindChildElement {
   "id": "f.FC4A4F7472206D4D0D9C1CA817D0CDDD.d.BAF091466BCB5D125060F6F780A59BC3.e.128",
   "using": "xpath",
   "value": "//td[@class='name']"
}
[1723127758.437][INFO]: Waiting for pending navigations...
[1723127758.439][INFO]: Done waiting for pending navigations. Status: ok
[1723127758.451][INFO]: Waiting for pending navigations...
[1723127758.452][INFO]: Done waiting for pending navigations. Status: ok
[1723127758.452][INFO]: [c9d16652647b3e0f35902f1e405f9596] RESPONSE FindChildElement {
   "element-6066-11e4-a52e-4f735466cecf": "f.FC4A4F7472206D4D0D9C1CA817D0CDDD.d.BAF091466BCB5D125060F6F780A59BC3.e.129"
}
[1723127758.465][INFO]: [c9d16652647b3e0f35902f1e405f9596] COMMAND GetElementText {
   "id": "f.FC4A4F7472206D4D0D9C1CA817D0CDDD.d.BAF091466BCB5D125060F6F780A59BC3.e.129"
}
[1723127758.465][INFO]: Waiting for pending navigations...
[1723127758.468][INFO]: Done waiting for pending navigations. Status: ok
[1723127758.486][INFO]: Waiting for pending navigations...
[1723127758.488][INFO]: Done waiting for pending navigations. Status: ok
[1723127758.488][INFO]: [c9d16652647b3e0f35902f1e405f9596] RESPONSE GetElementText "Detroit Red Wings"
[1723127758.495][INFO]: [c9d16652647b3e0f35902f1e405f9596] COMMAND FindChildElement {
   "id": "f.FC4A4F7472206D4D0D9C1CA817D0CDDD.d.BAF091466BCB5D125060F6F780A59BC3.e.128",
   "using": "xpath",
   "value": "//td[@class='year']"
}
[1723127758.495][INFO]: Waiting for pending navigations...
[1723127758.497][INFO]: Done waiting for pending navigations. Status: ok
[1723127758.512][INFO]: Waiting for pending navigations...
[1723127758.518][INFO]: Done waiting for pending navigations. Status: ok
[1723127758.518][INFO]: [c9d16652647b3e0f35902f1e405f9596] RESPONSE FindChildElement {
   "element-6066-11e4-a52e-4f735466cecf": "f.FC4A4F7472206D4D0D9C1CA817D0CDDD.d.BAF091466BCB5D125060F6F780A59BC3.e.130"
}
[1723127758.524][INFO]: [c9d16652647b3e0f35902f1e405f9596] COMMAND GetElementText {
   "id": "f.FC4A4F7472206D4D0D9C1CA817D0CDDD.d.BAF091466BCB5D125060F6F780A59BC3.e.130"
}
[1723127758.524][INFO]: Waiting for pending navigations...
[1723127758.525][INFO]: Done waiting for pending navigations. Status: ok
[1723127758.539][INFO]: Waiting for pending navigations...
[1723127758.539][INFO]: Done waiting for pending navigations. Status: ok
[1723127758.540][INFO]: [c9d16652647b3e0f35902f1e405f9596] RESPONSE GetElementText "1991"
[1723127758.545][INFO]: [c9d16652647b3e0f35902f1e405f9596] COMMAND FindChildElement {
   "id": "f.FC4A4F7472206D4D0D9C1CA817D0CDDD.d.BAF091466BCB5D125060F6F780A59BC3.e.128",
   "using": "xpath",
   "value": "//td[contains(@class, 'pct text')]"
}
[1723127758.545][INFO]: Waiting for pending navigations...
[1723127758.546][INFO]: Done waiting for pending navigations. Status: ok
[1723127758.560][INFO]: Waiting for pending navigations...
[1723127758.561][INFO]: Done waiting for pending navigations. Status: ok
[1723127758.561][INFO]: [c9d16652647b3e0f35902f1e405f9596] RESPONSE FindChildElement {
   "element-6066-11e4-a52e-4f735466cecf": "f.FC4A4F7472206D4D0D9C1CA817D0CDDD.d.BAF091466BCB5D125060F6F780A59BC3.e.131"
}
[1723127758.573][INFO]: [c9d16652647b3e0f35902f1e405f9596] COMMAND GetElementText {
   "id": "f.FC4A4F7472206D4D0D9C1CA817D0CDDD.d.BAF091466BCB5D125060F6F780A59BC3.e.131"
}
[1723127758.573][INFO]: Waiting for pending navigations...
[1723127758.574][INFO]: Done waiting for pending navigations. Status: ok
[1723127758.587][INFO]: Waiting for pending navigations...
[1723127758.587][INFO]: Done waiting for pending navigations. Status: ok
[1723127758.587][INFO]: [c9d16652647b3e0f35902f1e405f9596] RESPONSE GetElementText "0.537"
[1723127758.594][INFO]: [c9d16652647b3e0f35902f1e405f9596] COMMAND FindElement {
   "using": "xpath",
   "value": "//a[@aria-label ='Next']"
}
[1723127758.594][INFO]: Waiting for pending navigations...
[1723127758.595][INFO]: Done waiting for pending navigations. Status: ok
[1723127758.604][INFO]: Waiting for pending navigations...
[1723127758.605][INFO]: Done waiting for pending navigations. Status: ok
[1723127758.605][INFO]: [c9d16652647b3e0f35902f1e405f9596] RESPONSE FindElement {
   "element-6066-11e4-a52e-4f735466cecf": "f.FC4A4F7472206D4D0D9C1CA817D0CDDD.d.BAF091466BCB5D125060F6F780A59BC3.e.132"
}
[1723127758.610][INFO]: [c9d16652647b3e0f35902f1e405f9596] COMMAND IsElementEnabled {
   "id": "f.FC4A4F7472206D4D0D9C1CA817D0CDDD.d.BAF091466BCB5D125060F6F780A59BC3.e.132"
}
[1723127758.610][INFO]: Waiting for pending navigations...
[1723127758.611][INFO]: Done waiting for pending navigations. Status: ok
[1723127758.621][INFO]: Waiting for pending navigations...
[1723127758.622][INFO]: Done waiting for pending navigations. Status: ok
[1723127758.622][INFO]: [c9d16652647b3e0f35902f1e405f9596] RESPONSE IsElementEnabled true
[1723127758.629][INFO]: [c9d16652647b3e0f35902f1e405f9596] COMMAND ClickElement {
   "id": "f.FC4A4F7472206D4D0D9C1CA817D0CDDD.d.BAF091466BCB5D125060F6F780A59BC3.e.132"
}
[1723127758.629][INFO]: Waiting for pending navigations...
[1723127758.631][INFO]: Done waiting for pending navigations. Status: ok
[1723127758.700][INFO]: Waiting for pending navigations...
[1723127760.036][INFO]: Done waiting for pending navigations. Status: ok
[1723127760.036][INFO]: [c9d16652647b3e0f35902f1e405f9596] RESPONSE ClickElement
[1723127760.046][INFO]: [c9d16652647b3e0f35902f1e405f9596] COMMAND FindElements {
   "using": "xpath",
   "value": "//table/tbody/tr[2]"
}
[1723127760.047][INFO]: Waiting for pending navigations...
[1723127760.048][INFO]: Done waiting for pending navigations. Status: ok
[1723127760.058][INFO]: Waiting for pending navigations...
[1723127760.059][INFO]: Done waiting for pending navigations. Status: ok
[1723127760.059][INFO]: [c9d16652647b3e0f35902f1e405f9596] RESPONSE FindElements [ {
   "element-6066-11e4-a52e-4f735466cecf": "f.FC4A4F7472206D4D0D9C1CA817D0CDDD.d.46AAD5FC19A86D140686591991C84E7A.e.177"
} ]
[1723127760.068][INFO]: [c9d16652647b3e0f35902f1e405f9596] COMMAND FindChildElement {
   "id": "f.FC4A4F7472206D4D0D9C1CA817D0CDDD.d.46AAD5FC19A86D140686591991C84E7A.e.177",
   "using": "xpath",
   "value": "//td[@class='name']"
}
[1723127760.068][INFO]: Waiting for pending navigations...
[1723127760.069][INFO]: Done waiting for pending navigations. Status: ok
[1723127760.085][INFO]: Waiting for pending navigations...
[1723127760.086][INFO]: Done waiting for pending navigations. Status: ok
[1723127760.086][INFO]: [c9d16652647b3e0f35902f1e405f9596] RESPONSE FindChildElement {
   "element-6066-11e4-a52e-4f735466cecf": "f.FC4A4F7472206D4D0D9C1CA817D0CDDD.d.46AAD5FC19A86D140686591991C84E7A.e.178"
}
[1723127760.093][INFO]: [c9d16652647b3e0f35902f1e405f9596] COMMAND GetElementText {
   "id": "f.FC4A4F7472206D4D0D9C1CA817D0CDDD.d.46AAD5FC19A86D140686591991C84E7A.e.178"
}
[1723127760.093][INFO]: Waiting for pending navigations...
[1723127760.094][INFO]: Done waiting for pending navigations. Status: ok
[1723127760.107][INFO]: Waiting for pending navigations...
[1723127760.107][INFO]: Done waiting for pending navigations. Status: ok
[1723127760.108][INFO]: [c9d16652647b3e0f35902f1e405f9596] RESPONSE GetElementText "Los Angeles Kings"
[1723127760.116][INFO]: [c9d16652647b3e0f35902f1e405f9596] COMMAND FindChildElement {
   "id": "f.FC4A4F7472206D4D0D9C1CA817D0CDDD.d.46AAD5FC19A86D140686591991C84E7A.e.177",
   "using": "xpath",
   "value": "//td[@class='year']"
}
[1723127760.116][INFO]: Waiting for pending navigations...
[1723127760.117][INFO]: Done waiting for pending navigations. Status: ok
[1723127760.130][INFO]: Waiting for pending navigations...
[1723127760.132][INFO]: Done waiting for pending navigations. Status: ok
[1723127760.132][INFO]: [c9d16652647b3e0f35902f1e405f9596] RESPONSE FindChildElement {
   "element-6066-11e4-a52e-4f735466cecf": "f.FC4A4F7472206D4D0D9C1CA817D0CDDD.d.46AAD5FC19A86D140686591991C84E7A.e.146"
}
[1723127760.142][INFO]: [c9d16652647b3e0f35902f1e405f9596] COMMAND GetElementText {
   "id": "f.FC4A4F7472206D4D0D9C1CA817D0CDDD.d.46AAD5FC19A86D140686591991C84E7A.e.146"
}
[1723127760.142][INFO]: Waiting for pending navigations...
[1723127760.143][INFO]: Done waiting for pending navigations. Status: ok
[1723127760.153][INFO]: Waiting for pending navigations...
[1723127760.155][INFO]: Done waiting for pending navigations. Status: ok
[1723127760.155][INFO]: [c9d16652647b3e0f35902f1e405f9596] RESPONSE GetElementText "1992"
[1723127760.162][INFO]: [c9d16652647b3e0f35902f1e405f9596] COMMAND FindChildElement {
   "id": "f.FC4A4F7472206D4D0D9C1CA817D0CDDD.d.46AAD5FC19A86D140686591991C84E7A.e.177",
   "using": "xpath",
   "value": "//td[contains(@class, 'pct text')]"
}
[1723127760.162][INFO]: Waiting for pending navigations...
[1723127760.164][INFO]: Done waiting for pending navigations. Status: ok
[1723127760.190][INFO]: Waiting for pending navigations...
[1723127760.195][INFO]: Done waiting for pending navigations. Status: ok
[1723127760.195][INFO]: [c9d16652647b3e0f35902f1e405f9596] RESPONSE FindChildElement {
   "element-6066-11e4-a52e-4f735466cecf": "f.FC4A4F7472206D4D0D9C1CA817D0CDDD.d.46AAD5FC19A86D140686591991C84E7A.e.150"
}
[1723127760.203][INFO]: [c9d16652647b3e0f35902f1e405f9596] COMMAND GetElementText {
   "id": "f.FC4A4F7472206D4D0D9C1CA817D0CDDD.d.46AAD5FC19A86D140686591991C84E7A.e.150"
}
[1723127760.203][INFO]: Waiting for pending navigations...
[1723127760.204][INFO]: Done waiting for pending navigations. Status: ok
[1723127760.221][INFO]: Waiting for pending navigations...
[1723127760.222][INFO]: Done waiting for pending navigations. Status: ok
[1723127760.222][INFO]: [c9d16652647b3e0f35902f1e405f9596] RESPONSE GetElementText "0.464"
[1723127760.228][INFO]: [c9d16652647b3e0f35902f1e405f9596] COMMAND FindElement {
   "using": "xpath",
   "value": "//a[@aria-label ='Next']"
}
[1723127760.228][INFO]: Waiting for pending navigations...
[1723127760.230][INFO]: Done waiting for pending navigations. Status: ok
[1723127760.239][INFO]: Waiting for pending navigations...
[1723127760.240][INFO]: Done waiting for pending navigations. Status: ok
[1723127760.240][INFO]: [c9d16652647b3e0f35902f1e405f9596] RESPONSE FindElement {
   "element-6066-11e4-a52e-4f735466cecf": "f.FC4A4F7472206D4D0D9C1CA817D0CDDD.d.46AAD5FC19A86D140686591991C84E7A.e.179"
}
[1723127760.243][INFO]: [c9d16652647b3e0f35902f1e405f9596] COMMAND IsElementEnabled {
   "id": "f.FC4A4F7472206D4D0D9C1CA817D0CDDD.d.46AAD5FC19A86D140686591991C84E7A.e.179"
}
[1723127760.243][INFO]: Waiting for pending navigations...
[1723127760.244][INFO]: Done waiting for pending navigations. Status: ok
[1723127760.258][INFO]: Waiting for pending navigations...
[1723127760.259][INFO]: Done waiting for pending navigations. Status: ok
[1723127760.259][INFO]: [c9d16652647b3e0f35902f1e405f9596] RESPONSE IsElementEnabled true
[1723127760.269][INFO]: [c9d16652647b3e0f35902f1e405f9596] COMMAND ClickElement {
   "id": "f.FC4A4F7472206D4D0D9C1CA817D0CDDD.d.46AAD5FC19A86D140686591991C84E7A.e.179"
}
[1723127760.269][INFO]: Waiting for pending navigations...
[1723127760.271][INFO]: Done waiting for pending navigations. Status: ok
[1723127760.327][INFO]: Waiting for pending navigations...
[1723127761.724][INFO]: Done waiting for pending navigations. Status: ok
[1723127761.724][INFO]: [c9d16652647b3e0f35902f1e405f9596] RESPONSE ClickElement
[1723127761.737][INFO]: [c9d16652647b3e0f35902f1e405f9596] COMMAND Navigate {
   "url": "https://www.scrapethissite.com/pages/"
}
[1723127761.737][INFO]: Waiting for pending navigations...
[1723127761.738][INFO]: Done waiting for pending navigations. Status: ok
[1723127762.355][INFO]: Waiting for pending navigations...
[1723127762.710][INFO]: Done waiting for pending navigations. Status: ok
[1723127762.710][INFO]: [c9d16652647b3e0f35902f1e405f9596] RESPONSE Navigate
[1723127764.734][INFO]: [c9d16652647b3e0f35902f1e405f9596] COMMAND FindElement {
   "using": "xpath",
   "value": "//a[contains(text(),'Oscar Winning Films')]"
}
[1723127764.734][INFO]: Waiting for pending navigations...
[1723127764.735][INFO]: Done waiting for pending navigations. Status: ok
[1723127764.750][INFO]: Waiting for pending navigations...
[1723127764.750][INFO]: Done waiting for pending navigations. Status: ok
[1723127764.750][INFO]: [c9d16652647b3e0f35902f1e405f9596] RESPONSE FindElement {
   "element-6066-11e4-a52e-4f735466cecf": "f.FC4A4F7472206D4D0D9C1CA817D0CDDD.d.03911C153537AE84E31FD0F4410CA04E.e.229"
}
[1723127764.785][INFO]: [c9d16652647b3e0f35902f1e405f9596] COMMAND ClickElement {
   "id": "f.FC4A4F7472206D4D0D9C1CA817D0CDDD.d.03911C153537AE84E31FD0F4410CA04E.e.229"
}
[1723127764.785][INFO]: Waiting for pending navigations...
[1723127764.786][INFO]: Done waiting for pending navigations. Status: ok
[1723127764.848][INFO]: Waiting for pending navigations...
[1723127765.918][INFO]: Done waiting for pending navigations. Status: ok
[1723127765.918][INFO]: [c9d16652647b3e0f35902f1e405f9596] RESPONSE ClickElement
[1723127765.948][INFO]: [c9d16652647b3e0f35902f1e405f9596] COMMAND FindElements {
   "using": "css selector",
   "value": ".year\\-link"
}
[1723127765.949][INFO]: Waiting for pending navigations...
[1723127765.950][INFO]: Done waiting for pending navigations. Status: ok
[1723127765.975][INFO]: Waiting for pending navigations...
[1723127765.976][INFO]: Done waiting for pending navigations. Status: ok
[1723127765.976][INFO]: [c9d16652647b3e0f35902f1e405f9596] RESPONSE FindElements [ {
   "element-6066-11e4-a52e-4f735466cecf": "f.FC4A4F7472206D4D0D9C1CA817D0CDDD.d.6906B7F19CA80E0F551D70B9478DCC03.e.235"
}, {
   "element-6066-11e4-a52e-4f735466cecf": "f.FC4A4F7472206D4D0D9C1CA817D0CDDD.d.6906B7F19CA80E0F551D70B9478DCC03.e.236"
}, {
   "element-6066-11e4-a52e-4f735466cecf": "f.FC4A4F7472206D4D0D9C1CA817D0CDDD.d.6906B7F19CA80E0F551D70B9478DCC03.e.237"
}, {
   "element-6066-11e4-a52e-4f735466cecf": "f.FC4A4F7472206D4D0D9C1CA817D0CDDD.d.6906B7F19CA80E0F551D70B9478DCC03.e.238"
}, {
   "element-6066-11e4-a52e-4f735466cecf": "f.FC4A4F7472206D4D0D9C1CA817D0CDDD.d.6906B7F19CA80E0F551D70B9478DCC03.e.239"
}, {
   "element-6066-11e4-a52e-4f735466cecf": "f.FC4A4F7472206D4D0D9C1CA817D0CDDD.d.6906B7F19CA80E0F551D70B9478DCC03.e.240"
} ]
[1723127765.985][INFO]: [c9d16652647b3e0f35902f1e405f9596] COMMAND GetElementText {
   "id": "f.FC4A4F7472206D4D0D9C1CA817D0CDDD.d.6906B7F19CA80E0F551D70B9478DCC03.e.235"
}
[1723127765.985][INFO]: Waiting for pending navigations...
[1723127765.986][INFO]: Done waiting for pending navigations. Status: ok
[1723127765.998][INFO]: Waiting for pending navigations...
[1723127766.000][INFO]: Done waiting for pending navigations. Status: ok
[1723127766.000][INFO]: [c9d16652647b3e0f35902f1e405f9596] RESPONSE GetElementText "2015"
[1723127766.004][INFO]: [c9d16652647b3e0f35902f1e405f9596] COMMAND ClickElement {
   "id": "f.FC4A4F7472206D4D0D9C1CA817D0CDDD.d.6906B7F19CA80E0F551D70B9478DCC03.e.235"
}
[1723127766.004][INFO]: Waiting for pending navigations...
[1723127766.005][INFO]: Done waiting for pending navigations. Status: ok
[1723127766.075][INFO]: Waiting for pending navigations...
[1723127766.083][INFO]: Done waiting for pending navigations. Status: ok
[1723127766.083][INFO]: [c9d16652647b3e0f35902f1e405f9596] RESPONSE ClickElement
[1723127766.090][INFO]: [c9d16652647b3e0f35902f1e405f9596] COMMAND FindElements {
   "using": "xpath",
   "value": "//table/tbody/tr"
}
[1723127766.090][INFO]: Waiting for pending navigations...
[1723127766.091][INFO]: Done waiting for pending navigations. Status: ok
[1723127766.103][INFO]: Waiting for pending navigations...
[1723127766.104][INFO]: Done waiting for pending navigations. Status: ok
[1723127766.104][INFO]: [c9d16652647b3e0f35902f1e405f9596] RESPONSE FindElements [  ]
[1723127766.107][INFO]: [c9d16652647b3e0f35902f1e405f9596] COMMAND GetElementText {
   "id": "f.FC4A4F7472206D4D0D9C1CA817D0CDDD.d.6906B7F19CA80E0F551D70B9478DCC03.e.236"
}
[1723127766.107][INFO]: Waiting for pending navigations...
[1723127766.107][INFO]: Done waiting for pending navigations. Status: ok
[1723127766.116][INFO]: Waiting for pending navigations...
[1723127766.116][INFO]: Done waiting for pending navigations. Status: ok
[1723127766.116][INFO]: [c9d16652647b3e0f35902f1e405f9596] RESPONSE GetElementText "2014"
[1723127766.120][INFO]: [c9d16652647b3e0f35902f1e405f9596] COMMAND ClickElement {
   "id": "f.FC4A4F7472206D4D0D9C1CA817D0CDDD.d.6906B7F19CA80E0F551D70B9478DCC03.e.236"
}
[1723127766.120][INFO]: Waiting for pending navigations...
[1723127766.120][INFO]: Done waiting for pending navigations. Status: ok
[1723127766.164][INFO]: Waiting for pending navigations...
[1723127766.168][INFO]: Done waiting for pending navigations. Status: ok
[1723127766.168][INFO]: [c9d16652647b3e0f35902f1e405f9596] RESPONSE ClickElement
[1723127766.173][INFO]: [c9d16652647b3e0f35902f1e405f9596] COMMAND FindElements {
   "using": "xpath",
   "value": "//table/tbody/tr"
}
[1723127766.173][INFO]: Waiting for pending navigations...
[1723127766.175][INFO]: Done waiting for pending navigations. Status: ok
[1723127766.184][INFO]: Waiting for pending navigations...
[1723127766.186][INFO]: Done waiting for pending navigations. Status: ok
[1723127766.186][INFO]: [c9d16652647b3e0f35902f1e405f9596] RESPONSE FindElements [  ]
[1723127766.188][INFO]: [c9d16652647b3e0f35902f1e405f9596] COMMAND GetElementText {
   "id": "f.FC4A4F7472206D4D0D9C1CA817D0CDDD.d.6906B7F19CA80E0F551D70B9478DCC03.e.237"
}
[1723127766.189][INFO]: Waiting for pending navigations...
[1723127766.190][INFO]: Done waiting for pending navigations. Status: ok
[1723127766.201][INFO]: Waiting for pending navigations...
[1723127766.202][INFO]: Done waiting for pending navigations. Status: ok
[1723127766.202][INFO]: [c9d16652647b3e0f35902f1e405f9596] RESPONSE GetElementText "2013"
[1723127766.205][INFO]: [c9d16652647b3e0f35902f1e405f9596] COMMAND ClickElement {
   "id": "f.FC4A4F7472206D4D0D9C1CA817D0CDDD.d.6906B7F19CA80E0F551D70B9478DCC03.e.237"
}
[1723127766.205][INFO]: Waiting for pending navigations...
[1723127766.206][INFO]: Done waiting for pending navigations. Status: ok
[1723127766.261][INFO]: Waiting for pending navigations...
[1723127766.266][INFO]: Done waiting for pending navigations. Status: ok
[1723127766.266][INFO]: [c9d16652647b3e0f35902f1e405f9596] RESPONSE ClickElement
[1723127766.272][INFO]: [c9d16652647b3e0f35902f1e405f9596] COMMAND FindElements {
   "using": "xpath",
   "value": "//table/tbody/tr"
}
[1723127766.272][INFO]: Waiting for pending navigations...
[1723127766.273][INFO]: Done waiting for pending navigations. Status: ok
[1723127766.282][INFO]: Waiting for pending navigations...
[1723127766.283][INFO]: Done waiting for pending navigations. Status: ok
[1723127766.284][INFO]: [c9d16652647b3e0f35902f1e405f9596] RESPONSE FindElements [  ]
[1723127766.286][INFO]: [c9d16652647b3e0f35902f1e405f9596] COMMAND GetElementText {
   "id": "f.FC4A4F7472206D4D0D9C1CA817D0CDDD.d.6906B7F19CA80E0F551D70B9478DCC03.e.238"
}
[1723127766.286][INFO]: Waiting for pending navigations...
[1723127766.288][INFO]: Done waiting for pending navigations. Status: ok
[1723127766.299][INFO]: Waiting for pending navigations...
[1723127766.300][INFO]: Done waiting for pending navigations. Status: ok
[1723127766.300][INFO]: [c9d16652647b3e0f35902f1e405f9596] RESPONSE GetElementText "2012"
[1723127766.304][INFO]: [c9d16652647b3e0f35902f1e405f9596] COMMAND ClickElement {
   "id": "f.FC4A4F7472206D4D0D9C1CA817D0CDDD.d.6906B7F19CA80E0F551D70B9478DCC03.e.238"
}
[1723127766.304][INFO]: Waiting for pending navigations...
[1723127766.306][INFO]: Done waiting for pending navigations. Status: ok
[1723127766.364][INFO]: Waiting for pending navigations...
[1723127766.371][INFO]: Done waiting for pending navigations. Status: ok
[1723127766.371][INFO]: [c9d16652647b3e0f35902f1e405f9596] RESPONSE ClickElement
[1723127766.381][INFO]: [c9d16652647b3e0f35902f1e405f9596] COMMAND FindElements {
   "using": "xpath",
   "value": "//table/tbody/tr"
}
[1723127766.381][INFO]: Waiting for pending navigations...
[1723127766.382][INFO]: Done waiting for pending navigations. Status: ok
[1723127766.392][INFO]: Waiting for pending navigations...
[1723127766.395][INFO]: Done waiting for pending navigations. Status: ok
[1723127766.395][INFO]: [c9d16652647b3e0f35902f1e405f9596] RESPONSE FindElements [  ]
[1723127766.399][INFO]: [c9d16652647b3e0f35902f1e405f9596] COMMAND GetElementText {
   "id": "f.FC4A4F7472206D4D0D9C1CA817D0CDDD.d.6906B7F19CA80E0F551D70B9478DCC03.e.239"
}
[1723127766.399][INFO]: Waiting for pending navigations...
[1723127766.400][INFO]: Done waiting for pending navigations. Status: ok
[1723127766.412][INFO]: Waiting for pending navigations...
[1723127766.413][INFO]: Done waiting for pending navigations. Status: ok
[1723127766.413][INFO]: [c9d16652647b3e0f35902f1e405f9596] RESPONSE GetElementText "2011"
[1723127766.417][INFO]: [c9d16652647b3e0f35902f1e405f9596] COMMAND ClickElement {
   "id": "f.FC4A4F7472206D4D0D9C1CA817D0CDDD.d.6906B7F19CA80E0F551D70B9478DCC03.e.239"
}
[1723127766.417][INFO]: Waiting for pending navigations...
[1723127766.418][INFO]: Done waiting for pending navigations. Status: ok
[1723127766.478][INFO]: Waiting for pending navigations...
[1723127766.483][INFO]: Done waiting for pending navigations. Status: ok
[1723127766.483][INFO]: [c9d16652647b3e0f35902f1e405f9596] RESPONSE ClickElement
[1723127766.489][INFO]: [c9d16652647b3e0f35902f1e405f9596] COMMAND FindElements {
   "using": "xpath",
   "value": "//table/tbody/tr"
}
[1723127766.489][INFO]: Waiting for pending navigations...
[1723127766.490][INFO]: Done waiting for pending navigations. Status: ok
[1723127766.501][INFO]: Waiting for pending navigations...
[1723127766.502][INFO]: Done waiting for pending navigations. Status: ok
[1723127766.502][INFO]: [c9d16652647b3e0f35902f1e405f9596] RESPONSE FindElements [  ]
[1723127766.506][INFO]: [c9d16652647b3e0f35902f1e405f9596] COMMAND GetElementText {
   "id": "f.FC4A4F7472206D4D0D9C1CA817D0CDDD.d.6906B7F19CA80E0F551D70B9478DCC03.e.240"
}
[1723127766.506][INFO]: Waiting for pending navigations...
[1723127766.508][INFO]: Done waiting for pending navigations. Status: ok
[1723127766.518][INFO]: Waiting for pending navigations...
[1723127766.519][INFO]: Done waiting for pending navigations. Status: ok
[1723127766.520][INFO]: [c9d16652647b3e0f35902f1e405f9596] RESPONSE GetElementText "2010"
[1723127766.523][INFO]: [c9d16652647b3e0f35902f1e405f9596] COMMAND ClickElement {
   "id": "f.FC4A4F7472206D4D0D9C1CA817D0CDDD.d.6906B7F19CA80E0F551D70B9478DCC03.e.240"
}
[1723127766.523][INFO]: Waiting for pending navigations...
[1723127766.524][INFO]: Done waiting for pending navigations. Status: ok
[1723127766.585][INFO]: Waiting for pending navigations...
[1723127766.589][INFO]: Done waiting for pending navigations. Status: ok
[1723127766.590][INFO]: [c9d16652647b3e0f35902f1e405f9596] RESPONSE ClickElement
[1723127766.598][INFO]: [c9d16652647b3e0f35902f1e405f9596] COMMAND FindElements {
   "using": "xpath",
   "value": "//table/tbody/tr"
}
[1723127766.598][INFO]: Waiting for pending navigations...
[1723127766.599][INFO]: Done waiting for pending navigations. Status: ok
[1723127766.608][INFO]: Waiting for pending navigations...
[1723127766.610][INFO]: Done waiting for pending navigations. Status: ok
[1723127766.611][INFO]: [c9d16652647b3e0f35902f1e405f9596] RESPONSE FindElements [  ]
[1723127766.623][INFO]: [c9d16652647b3e0f35902f1e405f9596] COMMAND CloseWindow {
}
[1723127766.996][INFO]: [c9d16652647b3e0f35902f1e405f9596] RESPONSE CloseWindow [  ]
